#
# There is insufficient memory for the Java Runtime Environment to continue.
# Native memory allocation (mmap) failed to map 65011712 bytes for G1 virtual space
# Possible reasons:
#   The system is out of physical RAM or swap space
#   The process is running with CompressedOops enabled, and the Java Heap may be blocking the growth of the native heap
# Possible solutions:
#   Reduce memory load on the system
#   Increase physical memory or swap space
#   Check if swap backing store is full
#   Decrease Java heap size (-Xmx/-Xms)
#   Decrease number of Java threads
#   Decrease Java thread stack sizes (-Xss)
#   Set larger code cache with -XX:ReservedCodeCacheSize=
#   JVM is running with Unscaled Compressed Oops mode in which the Java heap is
#     placed in the first 4GB address space. The Java Heap base address is the
#     maximum limit for the native heap growth. Please use -XX:HeapBaseMinAddress
#     to set the Java Heap base and to place the Java Heap above 4GB virtual address.
# This output file may be truncated or incomplete.
#
#  Out of Memory Error (os_windows.cpp:3541), pid=14836, tid=19692
#
# JRE version:  (17.0.5+9) (build )
# Java VM: Java HotSpot(TM) 64-Bit Server VM (17.0.5+9-LTS-191, mixed mode, sharing, tiered, compressed oops, compressed class ptrs, g1 gc, windows-amd64)
# No core dump will be written. Minidumps are not enabled by default on client versions of Windows
#

---------------  S U M M A R Y ------------

Command Line: -Dclassworlds.conf=C:\Program Files\NetBeans-16\netbeans\java\maven\bin\m2.conf -Dmaven.home=C:\Program Files\NetBeans-16\netbeans\java\maven -Dlibrary.jansi.path=C:\Program Files\NetBeans-16\netbeans\java\maven\lib\jansi-native -Dmaven.multiModuleProjectDirectory=C:\Users\Isaias Resende\OneDrive\Documentos\NetBeansProjects\projeto-individual-isaias org.codehaus.plexus.classworlds.launcher.Launcher -Dexec.vmArgs= -Dexec.args=${exec.vmArgs} -classpath %classpath ${exec.mainClass} ${exec.appArgs} -Dexec.executable=C:\Program Files\Java\jdk-17.0.5\bin\java.exe -Dexec.mainClass=com.mycompany.projeto.individual.isaias.Login -Dexec.classpathScope=runtime -Dexec.appArgs= -Dmaven.ext.class.path=C:\Program Files\NetBeans-16\netbeans\java\maven-nblib\netbeans-eventspy.jar -Dfile.encoding=UTF-8 org.codehaus.mojo:exec-maven-plugin:3.0.0:exec

Host: Intel(R) Core(TM) i3-10110U CPU @ 2.10GHz, 4 cores, 3G,  Windows 11 , 64 bit Build 22000 (10.0.22000.1761)
Time: Wed May 17 21:04:09 2023 Hora oficial do Brasil elapsed time: 0.079476 seconds (0d 0h 0m 0s)

---------------  T H R E A D  ---------------

Current thread (0x00000195ba074470):  JavaThread "Unknown thread" [_thread_in_vm, id=19692, stack(0x00000071bff00000,0x00000071c0000000)]

Stack: [0x00000071bff00000,0x00000071c0000000]
Native frames: (J=compiled Java code, j=interpreted, Vv=VM code, C=native code)
V  [jvm.dll+0x672eea]
V  [jvm.dll+0x7d2a04]
V  [jvm.dll+0x7d41ae]
V  [jvm.dll+0x7d4813]
V  [jvm.dll+0x242c15]
V  [jvm.dll+0x66fe09]
V  [jvm.dll+0x664682]
V  [jvm.dll+0x300e8b]
V  [jvm.dll+0x308426]
V  [jvm.dll+0x357ffe]
V  [jvm.dll+0x35822f]
V  [jvm.dll+0x2d80a8]
V  [jvm.dll+0x2d9014]
V  [jvm.dll+0x7a44e1]
V  [jvm.dll+0x365df1]
V  [jvm.dll+0x7838fc]
V  [jvm.dll+0x3e873f]
V  [jvm.dll+0x3ea1e1]
C  [jli.dll+0x527b]
C  [ucrtbase.dll+0x26c0c]
C  [KERNEL32.DLL+0x15590]
C  [ntdll.dll+0x485b]


---------------  P R O C E S S  ---------------

Threads class SMR info:
_java_thread_list=0x00007fffd2eaa8d8, length=0, elements={
}

Java Threads: ( => current thread )

Other Threads:
  0x00000195ba0ad8a0 GCTaskThread "GC Thread#0" [stack: 0x00000071c0000000,0x00000071c0100000] [id=1384]
  0x00000195ba0b61f0 ConcurrentGCThread "G1 Main Marker" [stack: 0x00000071c0100000,0x00000071c0200000] [id=21232]
  0x00000195ba0b7c80 ConcurrentGCThread "G1 Conc#0" [stack: 0x00000071c0200000,0x00000071c0300000] [id=21204]

[error occurred during error reporting (printing all threads), id 0xc0000005, EXCEPTION_ACCESS_VIOLATION (0xc0000005) at pc=0x00007fffd26f8a97]

VM state: not at safepoint (not fully initialized)

VM Mutex/Monitor currently owned by a thread:  ([mutex/lock_event])
[0x00000195ba0708a0] Heap_lock - owner thread: 0x00000195ba074470

Heap address: 0x00000000c2800000, size: 984 MB, Compressed Oops mode: 32-bit

CDS archive(s) mapped at: [0x0000000000000000-0x0000000000000000-0x0000000000000000), size 0, SharedBaseAddress: 0x0000000800000000, ArchiveRelocationMode: 0.
Narrow klass base: 0x0000000000000000, Narrow klass shift: 0, Narrow klass range: 0x0

GC Precious Log:
<Empty>

Heap:
 garbage-first heap   total 0K, used 0K [0x00000000c2800000, 0x0000000100000000)
  region size 1024K, 0 young (0K), 0 survivors (0K)

[error occurred during error reporting (printing heap information), id 0xc0000005, EXCEPTION_ACCESS_VIOLATION (0xc0000005) at pc=0x00007fffd2adc399]

GC Heap History (0 events):
No events

Deoptimization events (0 events):
No events

Classes unloaded (0 events):
No events

Classes redefined (0 events):
No events

Internal exceptions (0 events):
No events

VM Operations (0 events):
No events

Events (1 events):
Event: 0.005 Loaded shared library C:\Program Files\Java\jdk-17.0.5\bin\java.dll


Dynamic libraries:
0x00007ff632e30000 - 0x00007ff632e40000 	C:\Program Files\Java\jdk-17.0.5\bin\java.exe
0x00007ff815c60000 - 0x00007ff815e69000 	C:\WINDOWS\SYSTEM32\ntdll.dll
0x00007ff814d30000 - 0x00007ff814dee000 	C:\WINDOWS\System32\KERNEL32.DLL
0x00007ff8134c0000 - 0x00007ff813843000 	C:\WINDOWS\System32\KERNELBASE.dll
0x00007ff8139b0000 - 0x00007ff813ac1000 	C:\WINDOWS\System32\ucrtbase.dll
0x00007ff803850000 - 0x00007ff80386a000 	C:\Program Files\Java\jdk-17.0.5\bin\VCRUNTIME140.dll
0x00007fffdfa90000 - 0x00007fffdfaa8000 	C:\Program Files\Java\jdk-17.0.5\bin\jli.dll
0x00007ff8144b0000 - 0x00007ff81455e000 	C:\WINDOWS\System32\ADVAPI32.dll
0x00007ff815790000 - 0x00007ff815833000 	C:\WINDOWS\System32\msvcrt.dll
0x00007ff814df0000 - 0x00007ff814e8e000 	C:\WINDOWS\System32\sechost.dll
0x00007ff814990000 - 0x00007ff814ab1000 	C:\WINDOWS\System32\RPCRT4.dll
0x00007ff815870000 - 0x00007ff815a1d000 	C:\WINDOWS\System32\USER32.dll
0x00007ffffdfb0000 - 0x00007ffffe255000 	C:\WINDOWS\WinSxS\amd64_microsoft.windows.common-controls_6595b64144ccf1df_6.0.22000.120_none_9d947278b86cc467\COMCTL32.dll
0x00007ff813110000 - 0x00007ff813136000 	C:\WINDOWS\System32\win32u.dll
0x00007ff814480000 - 0x00007ff8144a9000 	C:\WINDOWS\System32\GDI32.dll
0x00007ff8131b0000 - 0x00007ff8132ca000 	C:\WINDOWS\System32\gdi32full.dll
0x00007ff813850000 - 0x00007ff8138ed000 	C:\WINDOWS\System32\msvcp_win.dll
0x00007ff80cc20000 - 0x00007ff80cc2a000 	C:\WINDOWS\SYSTEM32\VERSION.dll
0x00007ff814ac0000 - 0x00007ff814af1000 	C:\WINDOWS\System32\IMM32.DLL
0x00007ff8035d0000 - 0x00007ff8035dc000 	C:\Program Files\Java\jdk-17.0.5\bin\vcruntime140_1.dll
0x00007fffdeef0000 - 0x00007fffdef7d000 	C:\Program Files\Java\jdk-17.0.5\bin\msvcp140.dll
0x00007fffd2410000 - 0x00007fffd2fd2000 	C:\Program Files\Java\jdk-17.0.5\bin\server\jvm.dll
0x00007ff815840000 - 0x00007ff815848000 	C:\WINDOWS\System32\PSAPI.DLL
0x00007ff80f7a0000 - 0x00007ff80f7a9000 	C:\WINDOWS\SYSTEM32\WSOCK32.dll
0x00007ff80e0a0000 - 0x00007ff80e0d3000 	C:\WINDOWS\SYSTEM32\WINMM.dll
0x00007ff814c60000 - 0x00007ff814ccf000 	C:\WINDOWS\System32\WS2_32.dll
0x00007ff812150000 - 0x00007ff812168000 	C:\WINDOWS\SYSTEM32\kernel.appcore.dll
0x00007ff803340000 - 0x00007ff80334a000 	C:\Program Files\Java\jdk-17.0.5\bin\jimage.dll
0x00007ff810d20000 - 0x00007ff810f41000 	C:\WINDOWS\SYSTEM32\DBGHELP.DLL
0x00007ffff5530000 - 0x00007ffff5561000 	C:\WINDOWS\SYSTEM32\dbgcore.DLL
0x00007ff8132d0000 - 0x00007ff81334f000 	C:\WINDOWS\System32\bcryptPrimitives.dll
0x00007ffffe4a0000 - 0x00007ffffe4c5000 	C:\Program Files\Java\jdk-17.0.5\bin\java.dll

dbghelp: loaded successfully - version: 4.0.5 - missing functions: none
symbol engine: initialized successfully - sym options: 0x614 - pdb path: .;C:\Program Files\Java\jdk-17.0.5\bin;C:\WINDOWS\SYSTEM32;C:\WINDOWS\WinSxS\amd64_microsoft.windows.common-controls_6595b64144ccf1df_6.0.22000.120_none_9d947278b86cc467;C:\Program Files\Java\jdk-17.0.5\bin\server

VM Arguments:
jvm_args: -Dclassworlds.conf=C:\Program Files\NetBeans-16\netbeans\java\maven\bin\m2.conf -Dmaven.home=C:\Program Files\NetBeans-16\netbeans\java\maven -Dlibrary.jansi.path=C:\Program Files\NetBeans-16\netbeans\java\maven\lib\jansi-native -Dmaven.multiModuleProjectDirectory=C:\Users\Isaias Resende\OneDrive\Documentos\NetBeansProjects\projeto-individual-isaias 
java_command: org.codehaus.plexus.classworlds.launcher.Launcher -Dexec.vmArgs= -Dexec.args=${exec.vmArgs} -classpath %classpath ${exec.mainClass} ${exec.appArgs} -Dexec.executable=C:\Program Files\Java\jdk-17.0.5\bin\java.exe -Dexec.mainClass=com.mycompany.projeto.individual.isaias.Login -Dexec.classpathScope=runtime -Dexec.appArgs= -Dmaven.ext.class.path=C:\Program Files\NetBeans-16\netbeans\java\maven-nblib\netbeans-eventspy.jar -Dfile.encoding=UTF-8 org.codehaus.mojo:exec-maven-plugin:3.0.0:exec
java_class_path (initial): C:\Program Files\NetBeans-16\netbeans\java\maven\boot\plexus-classworlds-2.6.0.jar
Launcher Type: SUN_STANDARD

[Global flags]
     intx CICompilerCount                          = 3                                         {product} {ergonomic}
     uint ConcGCThreads                            = 1                                         {product} {ergonomic}
     uint G1ConcRefinementThreads                  = 4                                         {product} {ergonomic}
   size_t G1HeapRegionSize                         = 1048576                                   {product} {ergonomic}
    uintx GCDrainStackTargetSize                   = 64                                        {product} {ergonomic}
   size_t InitialHeapSize                          = 65011712                                  {product} {ergonomic}
   size_t MarkStackSize                            = 4194304                                   {product} {ergonomic}
   size_t MaxHeapSize                              = 1031798784                                {product} {ergonomic}
   size_t MinHeapDeltaBytes                        = 1048576                                   {product} {ergonomic}
   size_t MinHeapSize                              = 8388608                                   {product} {ergonomic}
    uintx NonNMethodCodeHeapSize                   = 5832780                                {pd product} {ergonomic}
    uintx NonProfiledCodeHeapSize                  = 122912730                              {pd product} {ergonomic}
    uintx ProfiledCodeHeapSize                     = 122912730                              {pd product} {ergonomic}
    uintx ReservedCodeCacheSize                    = 251658240                              {pd product} {ergonomic}
     bool SegmentedCodeCache                       = true                                      {product} {ergonomic}
   size_t SoftMaxHeapSize                          = 1031798784                             {manageable} {ergonomic}
     bool UseCompressedClassPointers               = true                           {product lp64_product} {ergonomic}
     bool UseCompressedOops                        = true                           {product lp64_product} {ergonomic}
     bool UseG1GC                                  = true                                      {product} {ergonomic}
     bool UseLargePagesIndividualAllocation        = false                                  {pd product} {ergonomic}

Logging:
Log output configuration:
 #0: stdout all=warning uptime,level,tags
 #1: stderr all=off uptime,level,tags

Environment Variables:
JAVA_HOME=C:\Program Files\Java\jdk-17.0.5
PATH=C:\Program Files\Common Files\Oracle\Java\javapath;C:\Program Files (x86)\Common Files\Oracle\Java\javapath;C:\WINDOWS\system32;C:\WINDOWS;C:\WINDOWS\System32\Wbem;C:\WINDOWS\System32\WindowsPowerShell\v1.0\;C:\WINDOWS\System32\OpenSSH\;C:\Program Files\Git\cmd;C:\Program Files\nodejs\;C:\Program Files\Java\jdk-17.0.5\bin;C:\Program Files\MySQL\MySQL Shell 8.0\bin\;C:\Users\Isaias Resende\AppData\Local\Microsoft\WindowsApps;;C:\Users\Isaias Resende\AppData\Local\Programs\Microsoft VS Code\bin;C:\Users\Isaias Resende\AppData\Roaming\npm
USERNAME=Isaias Resende
OS=Windows_NT
PROCESSOR_IDENTIFIER=Intel64 Family 6 Model 142 Stepping 12, GenuineIntel



---------------  S Y S T E M  ---------------

OS:
 Windows 11 , 64 bit Build 22000 (10.0.22000.1761)
OS uptime: 1 days 22:14 hours
Hyper-V role detected

CPU: total 4 (initial active 4) (2 cores per cpu, 2 threads per core) family 6 model 142 stepping 12 microcode 0xde, cx8, cmov, fxsr, ht, mmx, 3dnowpref, sse, sse2, sse3, ssse3, sse4.1, sse4.2, popcnt, lzcnt, tsc, tscinvbit, avx, avx2, aes, erms, clmul, bmi1, bmi2, adx, fma, vzeroupper, clflush, clflushopt, hv

Memory: 4k page, system-wide physical 3931M (380M free)
TotalPageFile size 7931M (AvailPageFile size 31M)
current process WorkingSet (physical memory assigned to process): 10M, peak: 10M
current process commit charge ("private bytes"): 51M, peak: 113M

vm_info: Java HotSpot(TM) 64-Bit Server VM (17.0.5+9-LTS-191) for windows-amd64 JRE (17.0.5+9-LTS-191), built on Sep 13 2022 17:31:43 by "mach5one" with MS VC++ 16.8 / 16.9 (VS2019)

END.
